--- Welcome To The SHOC Benchmark Suite version 1.1.5 --- 
Hostname: metax 
Platform selection not specified, default to platform #0
Number of available platforms: 1 
Number of available devices on platform 0 : 8
Device 0: 'Device 4001'
Device 1: 'Device 4001'
Device 2: 'Device 4001'
Device 3: 'Device 4001'
Device 4: 'Device 4001'
Device 5: 'Device 4001'
Device 6: 'Device 4001'
Device 7: 'Device 4001'
Specified 1 device IDs: 0
Using size class: 1

--- Starting Benchmarks ---
Running benchmark BusSpeedDownload
    result for bspeed_download:                 27.8082 GB/sec
Running benchmark BusSpeedReadback
    result for bspeed_readback:                 28.5229 GB/sec
Running benchmark MaxFlops
    result for maxspflops:                    14875.6000 GFLOPS
    result for maxdpflops:                    1858.9500 GFLOPS
Running benchmark DeviceMemory
    result for gmem_readbw:                   1652.4600 GB/s
    result for gmem_readbw_strided:            117.8310 GB/s
    result for gmem_writebw:                  1600.7300 GB/s
    result for gmem_writebw_strided:            97.0702 GB/s
    result for lmem_readbw:                   3837.9100 GB/s
    result for lmem_writebw:                  4225.9800 GB/s
    result for tex_readbw:                      BenchmarkError
Skipping non-cuda benchmark KernelCompile
Skipping non-cuda benchmark QueueDelay
Running benchmark BFS
    result for bfs:                             BenchmarkError
    result for bfs_pcie:                        BenchmarkError
    result for bfs_teps:                        BenchmarkError
Running benchmark FFT
    result for fft_sp:                         242.1980 GFLOPS
    result for fft_sp_pcie:                     28.1438 GFLOPS
    result for ifft_sp:                        252.6120 GFLOPS
    result for ifft_sp_pcie:                    41.0781 GFLOPS
    result for fft_dp:                          90.7282 GFLOPS
    result for fft_dp_pcie:                     31.7441 GFLOPS
    result for ifft_dp:                         91.8328 GFLOPS
    result for ifft_dp_pcie:                    32.0877 GFLOPS
Running benchmark GEMM
    result for sgemm_n:                       2032.1200 GFlops
    result for sgemm_t:                       2088.8000 GFlops
    result for sgemm_n_pcie:                   176.2910 GFlops
    result for sgemm_t_pcie:                   176.7060 GFlops
    result for dgemm_n:                        134.0200 GFlops
    result for dgemm_t:                        134.0200 GFlops
    result for dgemm_n_pcie:                    51.3203 GFlops
    result for dgemm_t_pcie:                    51.3203 GFlops
Running benchmark MD
    result for md_sp_flops:                    162.1330 GFLOPS
    result for md_sp_bw:                       124.3770 GB/s
    result for md_sp_flops_pcie:                59.1535 GFLOPS
    result for md_sp_bw_pcie:                   45.3786 GB/s
    result for md_dp_flops:                     84.7439 GFLOPS
    result for md_dp_bw:                       113.8620 GB/s
    result for md_dp_flops_pcie:                45.0684 GFLOPS
    result for md_dp_bw_pcie:                   60.5539 GB/s
Running benchmark MD5Hash
    result for md5hash:                         15.4703 GHash/s
Running benchmark NeuralNet
    result for nn_learning:                     BenchmarkError
    result for nn_learning_pcie:                BenchmarkError
Running benchmark Reduction
    result for reduction:                       95.9531 GB/s
    result for reduction_pcie:                  14.1767 GB/s
    result for reduction_dp:                   104.7630 GB/s
    result for reduction_dp_pcie:               14.3072 GB/s
Running benchmark Scan
    result for scan:                            28.8031 GB/s
    result for scan_pcie:                        4.4176 GB/s
    result for scan_dp:                         32.8821 GB/s
    result for scan_dp_pcie:                     7.5913 GB/s
Running benchmark Sort
    result for sort:                             4.3831 GB/s
    result for sort_pcie:                        3.1411 GB/s
Running benchmark Spmv
    result for spmv_csr_scalar_sp:               0.3154 Gflop/s
    result for spmv_csr_scalar_sp_pcie:          0.1191 Gflop/s
    result for spmv_csr_scalar_dp:               0.2690 Gflop/s
    result for spmv_csr_scalar_dp_pcie:          0.1582 Gflop/s
    result for spmv_csr_scalar_pad_sp:           0.4709 Gflop/s
    result for spmv_csr_scalar_pad_sp_pcie:      0.2648 Gflop/s
    result for spmv_csr_scalar_pad_dp:           0.3699 Gflop/s
    result for spmv_csr_scalar_pad_dp_pcie:      0.2273 Gflop/s
    result for spmv_csr_vector_sp:               2.0131 Gflop/s
    result for spmv_csr_vector_sp_pcie:          0.1748 Gflop/s
    result for spmv_csr_vector_dp:               1.8549 Gflop/s
    result for spmv_csr_vector_dp_pcie:          0.3161 Gflop/s
    result for spmv_csr_vector_pad_sp:           3.1972 Gflop/s
    result for spmv_csr_vector_pad_sp_pcie:      0.5055 Gflop/s
    result for spmv_csr_vector_pad_dp:           2.8857 Gflop/s
    result for spmv_csr_vector_pad_dp_pcie:      0.4896 Gflop/s
    result for spmv_ellpackr_sp:                 0.2611 Gflop/s
    result for spmv_ellpackr_dp:                 0.2331 Gflop/s
Running benchmark Stencil2D
    result for stencil:                        188.0420 GFLOPS
    result for stencil_dp:                     133.2310 GFLOPS
Running benchmark Triad
    result for triad_bw:                        33.4172 GB/s
Running benchmark S3D
    result for s3d:                            138.1780 GFLOPS
    result for s3d_pcie:                       116.3790 GFLOPS
    result for s3d_dp:                          35.1648 GFLOPS
    result for s3d_dp_pcie:                     32.3363 GFLOPS
